<?xml version="1.0" encoding="utf-8"?><testsuite errors="0" failures="0" name="pytest" skipped="0" tests="3" time="2.141"><testcase classname="test_flask" file="test_flask.py" line="25" name="test_empty_db" time="0.064"></testcase><testcase classname="test_flask" file="test_flask.py" line="29" name="test_add_new_word" time="0.055"></testcase><testcase classname="test_flask" file="test_flask.py" line="37" name="test_recite_word" time="0.059"></testcase></testsuite>